开始部署合约 
用户owner开始登录 
AS验证用户ID：1和pwd：owner通过 
用户owner登录成功 
系统初始化参数，已经存在系统参数 
AS的公钥为：646167153965762 
AS与用户开始协商会话密钥 
第一阶段：用户将C1：546934572680555 和C2：ìP¨^´ªÄØVV¤ 发送给AS 
第二阶段：AS将C3：409772657746364 和C4：ð.b\CÿôÀ§¸ÞB 发送给用户 
用户验证ID通过 
用户验证bP通过 
用户验证aP通过 
数据库存入PID成功 
用户owner开始上传文件 
文件大小为：426175，当前已处理：4096 
文件大小为：426175，当前已处理：4096 
文件大小为：426175，当前已处理：8150 
文件大小为：426175，当前已处理：8192 
文件大小为：426175，当前已处理：12246 
文件大小为：426175，当前已处理：16300 
文件大小为：426175，当前已处理：16384 
文件大小为：426175，当前已处理：20438 
文件大小为：426175，当前已处理：24492 
文件大小为：426175，当前已处理：24576 
文件大小为：426175，当前已处理：28630 
文件大小为：426175，当前已处理：32684 
文件大小为：426175，当前已处理：32768 
文件大小为：426175，当前已处理：36822 
文件大小为：426175，当前已处理：40876 
文件大小为：426175，当前已处理：40960 
文件大小为：426175，当前已处理：45014 
文件大小为：426175，当前已处理：49068 
文件大小为：426175，当前已处理：49152 
文件大小为：426175，当前已处理：53206 
文件大小为：426175，当前已处理：57260 
文件大小为：426175，当前已处理：57344 
文件大小为：426175，当前已处理：61398 
文件大小为：426175，当前已处理：65452 
文件大小为：426175，当前已处理：65536 
文件大小为：426175，当前已处理：69590 
文件大小为：426175，当前已处理：73644 
文件大小为：426175，当前已处理：73728 
文件大小为：426175，当前已处理：77782 
文件大小为：426175，当前已处理：81836 
文件大小为：426175，当前已处理：81920 
文件大小为：426175，当前已处理：85974 
文件大小为：426175，当前已处理：90028 
文件大小为：426175，当前已处理：90112 
文件大小为：426175，当前已处理：94166 
文件大小为：426175，当前已处理：98220 
文件大小为：426175，当前已处理：98304 
文件大小为：426175，当前已处理：102358 
文件大小为：426175，当前已处理：106412 
文件大小为：426175，当前已处理：106496 
文件大小为：426175，当前已处理：110550 
文件大小为：426175，当前已处理：114604 
文件大小为：426175，当前已处理：114688 
文件大小为：426175，当前已处理：118742 
文件大小为：426175，当前已处理：122796 
文件大小为：426175，当前已处理：122880 
文件大小为：426175，当前已处理：126934 
文件大小为：426175，当前已处理：130988 
文件大小为：426175，当前已处理：131072 
文件大小为：426175，当前已处理：135126 
文件大小为：426175，当前已处理：139180 
文件大小为：426175，当前已处理：139264 
文件大小为：426175，当前已处理：143318 
文件大小为：426175，当前已处理：147372 
文件大小为：426175，当前已处理：147456 
文件大小为：426175，当前已处理：151510 
文件大小为：426175，当前已处理：155564 
文件大小为：426175，当前已处理：155648 
文件大小为：426175，当前已处理：159702 
文件大小为：426175，当前已处理：163756 
文件大小为：426175，当前已处理：163840 
文件大小为：426175，当前已处理：167894 
文件大小为：426175，当前已处理：171948 
文件大小为：426175，当前已处理：172032 
文件大小为：426175，当前已处理：176086 
文件大小为：426175，当前已处理：180140 
文件大小为：426175，当前已处理：180224 
文件大小为：426175，当前已处理：184278 
文件大小为：426175，当前已处理：188332 
文件大小为：426175，当前已处理：188416 
文件大小为：426175，当前已处理：192470 
文件大小为：426175，当前已处理：196524 
文件大小为：426175，当前已处理：196608 
文件大小为：426175，当前已处理：200662 
文件大小为：426175，当前已处理：204716 
文件大小为：426175，当前已处理：204800 
文件大小为：426175，当前已处理：208854 
文件大小为：426175，当前已处理：212908 
文件大小为：426175，当前已处理：212992 
文件大小为：426175，当前已处理：217046 
文件大小为：426175，当前已处理：221100 
文件大小为：426175，当前已处理：221184 
文件大小为：426175，当前已处理：225238 
文件大小为：426175，当前已处理：229292 
文件大小为：426175，当前已处理：229376 
文件大小为：426175，当前已处理：233430 
文件大小为：426175，当前已处理：237484 
文件大小为：426175，当前已处理：237568 
文件大小为：426175，当前已处理：241622 
文件大小为：426175，当前已处理：245676 
文件大小为：426175，当前已处理：245760 
文件大小为：426175，当前已处理：249814 
文件大小为：426175，当前已处理：253868 
文件大小为：426175，当前已处理：253952 
文件大小为：426175，当前已处理：258006 
文件大小为：426175，当前已处理：262060 
文件大小为：426175，当前已处理：262144 
文件大小为：426175，当前已处理：266198 
文件大小为：426175，当前已处理：270252 
文件大小为：426175，当前已处理：270336 
文件大小为：426175，当前已处理：274390 
文件大小为：426175，当前已处理：278444 
文件大小为：426175，当前已处理：278528 
文件大小为：426175，当前已处理：282582 
文件大小为：426175，当前已处理：286636 
文件大小为：426175，当前已处理：286720 
文件大小为：426175，当前已处理：290774 
文件大小为：426175，当前已处理：294828 
文件大小为：426175，当前已处理：294912 
文件大小为：426175，当前已处理：298966 
文件大小为：426175，当前已处理：303020 
文件大小为：426175，当前已处理：303104 
文件大小为：426175，当前已处理：307158 
文件大小为：426175，当前已处理：311212 
文件大小为：426175，当前已处理：311296 
文件大小为：426175，当前已处理：315350 
文件大小为：426175，当前已处理：319404 
文件大小为：426175，当前已处理：319488 
文件大小为：426175，当前已处理：323542 
文件大小为：426175，当前已处理：327596 
文件大小为：426175，当前已处理：327680 
文件大小为：426175，当前已处理：331734 
文件大小为：426175，当前已处理：335788 
文件大小为：426175，当前已处理：335872 
文件大小为：426175，当前已处理：339926 
文件大小为：426175，当前已处理：343980 
文件大小为：426175，当前已处理：344064 
文件大小为：426175，当前已处理：348118 
文件大小为：426175，当前已处理：352172 
文件大小为：426175，当前已处理：352256 
文件大小为：426175，当前已处理：356310 
文件大小为：426175，当前已处理：360364 
文件大小为：426175，当前已处理：360448 
文件大小为：426175，当前已处理：364502 
文件大小为：426175，当前已处理：368556 
文件大小为：426175，当前已处理：368640 
文件大小为：426175，当前已处理：372694 
文件大小为：426175，当前已处理：376748 
文件大小为：426175，当前已处理：376832 
文件大小为：426175，当前已处理：380886 
文件大小为：426175，当前已处理：384940 
文件大小为：426175，当前已处理：385024 
文件大小为：426175，当前已处理：389078 
文件大小为：426175，当前已处理：393132 
文件大小为：426175，当前已处理：393216 
文件大小为：426175，当前已处理：397270 
文件大小为：426175，当前已处理：401324 
文件大小为：426175，当前已处理：401408 
文件大小为：426175，当前已处理：405462 
文件大小为：426175，当前已处理：409516 
文件大小为：426175，当前已处理：409600 
文件大小为：426175，当前已处理：413654 
文件大小为：426175，当前已处理：417708 
文件大小为：426175，当前已处理：417792 
文件大小为：426175，当前已处理：421846 
文件大小为：426175，当前已处理：425900 
文件大小为：426175，当前已处理：425984 
文件大小为：426175，当前已处理：426175 
上传的文件名：RegisterCode.pdf 
文件保存路径:D:\java\IdeaProjects\ESP4\target\MavenWeb\WEB-INF\upload\1_1_RegisterCode.pdf 
上传文件成功 
数据库写文件成功 
数据库写文件权限成功 
用户开始创建文件溯源记录：上传操作 
数据文件在其生命周期第一阶段的内容：2c9dc3477551f08bf83490e213bae8db 
加密前的状态信息State：[50, 99, 57, 100, 99, 51, 52, 55, 55, 53, 53, 49, 102, 48, 56, 98, 102, 56, 51, 52, 57, 48, 101, 50, 49, 51, 98, 97, 101, 56, 100, 98, 49, 0, 50, 99, 57, 100, 99, 51, 52, 55, 55, 53, 53, 49, 102, 48, 56, 98, 102, 56, 51, 52, 57, 48, 101, 50, 49, 51, 98, 97, 101, 56] 
加密后的状态信息State：[-97, 9, 9, 39, 102, 97, 33, -123, 122, 54, 47, -75, -87, -16, -72, -53, 82, -31, -80, -16, 20, -48, 118, -114, -81, 126, -44, -81, -96, 26, -87, -87, -105, -21, 60, 6, -76, 33, -23, -76, -116, 59, 20, 4, 90, 115, -25, -43, -68, 100, 68, 23, 50, 108, -84, -64, -32, 11, -115, 125, 85, 14, 65, 0, -5, -18, 51, 99, 46, 51, 106, 103, -94, 63, -78, 67, 68, -94, 122, 92] 
第一阶段：用户将加密后的状态信息发送给AS 
AS解密后的State：[50, 99, 57, 100, 99, 51, 52, 55, 55, 53, 53, 49, 102, 48, 56, 98, 102, 56, 51, 52, 57, 48, 101, 50, 49, 51, 98, 97, 101, 56, 100, 98, 49, 0, 50, 99, 57, 100, 99, 51, 52, 55, 55, 53, 53, 49, 102, 48, 56, 98, 102, 56, 51, 52, 57, 48, 101, 50, 49, 51, 98, 97, 101, 56] 
第二阶段：AS给用户发送签名：789290941593202871016909960948884318818795184054800390730177791405459366893680263226258294227772131052999726296940398110641631106637447590196569089216952011,726288698636602869313025943892377518896023036499298798439743878583018429298964923228979051372410317993956020717714169713237880706063772196590525652581897703,0 
用户计算验证等式的左边：{x=543709534919547687765106319702002558301412216477729361275863856497775642616131040237224529342690702532850517787616531944173304359009882952347429038852013067,y=714228617021756459250853945866699022766432542062321658998738805685296562174823676270146602851429745891793076832882036052135066799266630283836073624846303971} 
用户计算验证等式的右边：{x=543709534919547687765106319702002558301412216477729361275863856497775642616131040237224529342690702532850517787616531944173304359009882952347429038852013067,y=714228617021756459250853945866699022766432542062321658998738805685296562174823676270146602851429745891793076832882036052135066799266630283836073624846303971} 
用户接受AS的签名 
用户生成交易数据：2639012456642649868626016256421705951487610318232887031388725608678989533188941688599156552496846078907201272079489800441420231687977283622779600802768184 
第三阶段：用户写溯源记录 
交易哈希地址为：0xea47c159037c58e882937223047e21c47883bb4e1ab013843ffbe001e638f999 
交易区块哈希地址为：0x6f1827cc5d5a81085cb8a5d1c2834f409f674bd80e99795c87931a8ee3e0ca08 
数据库写入溯源记录成功 
数据库开始清理 
数据库清理成功 
清理合约资源文件 
